********************************************************************************
* Unified simulation Tcl App stack trace dump
*
* File: .usf.tcl_error.log (Tue Oct 29 18:51:11 2024)
*
* This file is generated by the unified simulation automation and contains the
* tcl stack trace of error returned by the simulator App for the current run.
*
********************************************************************************
ERROR: [Common 17-53] User Exception: No open design. Please open an elaborated, synthesized or implemented design before executing this command.

    while executing
"write_vhdl -mode funcsim -nolib -force -file "D:/Programming/FPGA/case-study-modul9/case-study-modul9.sim/sim_1/synth/func/xsim/cpu_func_synth.vhd""
    ("eval" body line 1)
    invoked from within
"eval "write_vhdl $wv_args""
    (procedure "xcs_write_design_netlist" line 88)
    invoked from within
"xcs_write_design_netlist $a_sim_vars(s_simset)           $a_sim_vars(s_simulation_flow)  $a_sim_vars(s_type)             $a_sim_vars(s_sim_top)       ..."
    (procedure "usf_xsim_setup_simulation" line 58)
    invoked from within
"usf_xsim_setup_simulation"
    (procedure "tclapp::xilinx::xsim::setup" line 24)
    invoked from within
"tclapp::xilinx::xsim::setup { -simset sim_1 -mode post-synthesis -type functional -run_dir D:/Programming/FPGA/case-study-modul9/case-study-modul9.sim..."
